[1] Log opened at 2025-07-07 08:13:44.231658
[1] [Config] INFO: Control socket set up successfully: '@xdebug-ctrl.1'
[1] [Step Debug] INFO: Connecting to configured address/port: localhost:9003.
[1] [Step Debug] WARN: Creating socket for 'localhost:9003', poll success, but error: Operation now in progress (29).
[1] [Step Debug] WARN: Creating socket for 'localhost:9003', poll success, but error: Operation now in progress (29).
[1] [Step Debug] ERR: Could not connect to debugging client. Tried: localhost:9003 (through xdebug.client_host/xdebug.client_port).
[1] Log closed at 2025-07-07 08:13:44.358040

[1] Log opened at 2025-07-07 08:35:46.418295
[1] [Config] INFO: Control socket set up successfully: '@xdebug-ctrl.1'
[1] [Step Debug] INFO: Connecting to configured address/port: localhost:9003.
[1] [Step Debug] WARN: Creating socket for 'localhost:9003', poll success, but error: Operation now in progress (29).
[1] [Step Debug] WARN: Creating socket for 'localhost:9003', poll success, but error: Operation now in progress (29).
[1] [Step Debug] ERR: Could not connect to debugging client. Tried: localhost:9003 (through xdebug.client_host/xdebug.client_port).
[1] Log closed at 2025-07-07 08:35:46.564450

[1] Log opened at 2025-07-07 09:09:33.454152
[1] [Config] INFO: Control socket set up successfully: '@xdebug-ctrl.1'
[1] [Step Debug] INFO: Connecting to configured address/port: localhost:9003.
[1] [Step Debug] WARN: Creating socket for 'localhost:9003', poll success, but error: Operation now in progress (29).
[1] [Step Debug] WARN: Creating socket for 'localhost:9003', poll success, but error: Operation now in progress (29).
[1] [Step Debug] ERR: Could not connect to debugging client. Tried: localhost:9003 (through xdebug.client_host/xdebug.client_port).
[1] Log closed at 2025-07-07 09:09:33.618040

[22] Log opened at 2025-07-07 09:24:45.171439
[22] [Config] INFO: Control socket set up successfully: '@xdebug-ctrl.22'
[22] [Step Debug] INFO: Connecting to configured address/port: localhost:9003.
[22] [Step Debug] WARN: Creating socket for 'localhost:9003', poll success, but error: Operation now in progress (29).
[22] [Step Debug] WARN: Creating socket for 'localhost:9003', poll success, but error: Operation now in progress (29).
[22] [Step Debug] ERR: Could not connect to debugging client. Tried: localhost:9003 (through xdebug.client_host/xdebug.client_port).
[22] Log closed at 2025-07-07 09:24:45.340800

[70] Log opened at 2025-07-07 11:47:54.527563
[70] [Config] INFO: Control socket set up successfully: '@xdebug-ctrl.70'
[70] [Step Debug] INFO: Connecting to configured address/port: localhost:9003.
[70] [Step Debug] WARN: Creating socket for 'localhost:9003', poll success, but error: Operation now in progress (29).
[70] [Step Debug] WARN: Creating socket for 'localhost:9003', poll success, but error: Operation now in progress (29).
[70] [Step Debug] ERR: Could not connect to debugging client. Tried: localhost:9003 (through xdebug.client_host/xdebug.client_port).
[70] Log closed at 2025-07-07 11:47:54.657993

[75] Log opened at 2025-07-07 11:48:20.307415
[75] [Config] INFO: Control socket set up successfully: '@xdebug-ctrl.75'
[75] [Step Debug] INFO: Connecting to configured address/port: localhost:9003.
[75] [Step Debug] WARN: Creating socket for 'localhost:9003', poll success, but error: Operation now in progress (29).
[75] [Step Debug] WARN: Creating socket for 'localhost:9003', poll success, but error: Operation now in progress (29).
[75] [Step Debug] ERR: Could not connect to debugging client. Tried: localhost:9003 (through xdebug.client_host/xdebug.client_port).
[75] Log closed at 2025-07-07 11:48:20.439807

[90] Log opened at 2025-07-07 11:49:19.260186
[90] [Config] INFO: Control socket set up successfully: '@xdebug-ctrl.90'
[90] [Step Debug] INFO: Connecting to configured address/port: localhost:9003.
[90] [Step Debug] WARN: Creating socket for 'localhost:9003', poll success, but error: Operation now in progress (29).
[90] [Step Debug] WARN: Creating socket for 'localhost:9003', poll success, but error: Operation now in progress (29).
[90] [Step Debug] ERR: Could not connect to debugging client. Tried: localhost:9003 (through xdebug.client_host/xdebug.client_port).
[90] Log closed at 2025-07-07 11:49:19.354410

[95] Log opened at 2025-07-07 11:49:53.215092
[95] [Config] INFO: Control socket set up successfully: '@xdebug-ctrl.95'
[95] [Step Debug] INFO: Connecting to configured address/port: localhost:9003.
[95] [Step Debug] WARN: Creating socket for 'localhost:9003', poll success, but error: Operation now in progress (29).
[95] [Step Debug] WARN: Creating socket for 'localhost:9003', poll success, but error: Operation now in progress (29).
[95] [Step Debug] ERR: Could not connect to debugging client. Tried: localhost:9003 (through xdebug.client_host/xdebug.client_port).
[95] Log closed at 2025-07-07 11:49:53.303184

[100] Log opened at 2025-07-07 11:49:57.448452
[100] [Config] INFO: Control socket set up successfully: '@xdebug-ctrl.100'
[100] [Step Debug] INFO: Connecting to configured address/port: localhost:9003.
[100] [Step Debug] WARN: Creating socket for 'localhost:9003', poll success, but error: Operation now in progress (29).
[100] [Step Debug] WARN: Creating socket for 'localhost:9003', poll success, but error: Operation now in progress (29).
[100] [Step Debug] ERR: Could not connect to debugging client. Tried: localhost:9003 (through xdebug.client_host/xdebug.client_port).
[100] Log closed at 2025-07-07 11:49:57.543186

[105] Log opened at 2025-07-07 11:50:06.437984
[105] [Config] INFO: Control socket set up successfully: '@xdebug-ctrl.105'
[105] [Step Debug] INFO: Connecting to configured address/port: localhost:9003.
[105] [Step Debug] WARN: Creating socket for 'localhost:9003', poll success, but error: Operation now in progress (29).
[105] [Step Debug] WARN: Creating socket for 'localhost:9003', poll success, but error: Operation now in progress (29).
[105] [Step Debug] ERR: Could not connect to debugging client. Tried: localhost:9003 (through xdebug.client_host/xdebug.client_port).
[105] Log closed at 2025-07-07 11:50:06.909127

[120] Log opened at 2025-07-07 11:50:56.529584
[120] [Config] INFO: Control socket set up successfully: '@xdebug-ctrl.120'
[120] [Step Debug] INFO: Connecting to configured address/port: localhost:9003.
[120] [Step Debug] WARN: Creating socket for 'localhost:9003', poll success, but error: Operation now in progress (29).
[120] [Step Debug] WARN: Creating socket for 'localhost:9003', poll success, but error: Operation now in progress (29).
[120] [Step Debug] ERR: Could not connect to debugging client. Tried: localhost:9003 (through xdebug.client_host/xdebug.client_port).
[120] Log closed at 2025-07-07 11:50:56.624925

[125] Log opened at 2025-07-07 11:51:07.834243
[125] [Config] INFO: Control socket set up successfully: '@xdebug-ctrl.125'
[125] [Step Debug] INFO: Connecting to configured address/port: localhost:9003.
[125] [Step Debug] WARN: Creating socket for 'localhost:9003', poll success, but error: Operation now in progress (29).
[125] [Step Debug] WARN: Creating socket for 'localhost:9003', poll success, but error: Operation now in progress (29).
[125] [Step Debug] ERR: Could not connect to debugging client. Tried: localhost:9003 (through xdebug.client_host/xdebug.client_port).
[125] Log closed at 2025-07-07 11:51:08.221181

[140] Log opened at 2025-07-07 11:51:45.151296
[140] [Config] INFO: Control socket set up successfully: '@xdebug-ctrl.140'
[140] [Step Debug] INFO: Connecting to configured address/port: localhost:9003.
[140] [Step Debug] WARN: Creating socket for 'localhost:9003', poll success, but error: Operation now in progress (29).
[140] [Step Debug] WARN: Creating socket for 'localhost:9003', poll success, but error: Operation now in progress (29).
[140] [Step Debug] ERR: Could not connect to debugging client. Tried: localhost:9003 (through xdebug.client_host/xdebug.client_port).
[437] Log opened at 2025-07-07 11:56:04.608473
[437] [Config] INFO: Control socket set up successfully: '@xdebug-ctrl.437'
[437] [Step Debug] INFO: Connecting to configured address/port: localhost:9003.
[437] [Step Debug] WARN: Creating socket for 'localhost:9003', poll success, but error: Operation now in progress (29).
[437] [Step Debug] WARN: Creating socket for 'localhost:9003', poll success, but error: Operation now in progress (29).
[437] [Step Debug] ERR: Could not connect to debugging client. Tried: localhost:9003 (through xdebug.client_host/xdebug.client_port).
[437] [Step Debug] INFO: Connecting to configured address/port: localhost:9003.
[437] [Step Debug] WARN: Creating socket for 'localhost:9003', poll success, but error: Operation now in progress (29).
[437] [Step Debug] WARN: Creating socket for 'localhost:9003', poll success, but error: Operation now in progress (29).
[437] [Step Debug] ERR: Could not connect to debugging client. Tried: localhost:9003 (through xdebug.client_host/xdebug.client_port).
[437] Log closed at 2025-07-07 11:56:42.512072

[140] Log closed at 2025-07-07 11:56:42.571599

[486] Log opened at 2025-07-07 11:57:44.320178
[486] [Config] INFO: Control socket set up successfully: '@xdebug-ctrl.486'
[486] [Step Debug] INFO: Connecting to configured address/port: localhost:9003.
[486] [Step Debug] WARN: Creating socket for 'localhost:9003', poll success, but error: Operation now in progress (29).
[486] [Step Debug] WARN: Creating socket for 'localhost:9003', poll success, but error: Operation now in progress (29).
[486] [Step Debug] ERR: Could not connect to debugging client. Tried: localhost:9003 (through xdebug.client_host/xdebug.client_port).
[505] Log opened at 2025-07-07 11:58:11.665119
[505] [Config] INFO: Control socket set up successfully: '@xdebug-ctrl.505'
[505] [Step Debug] INFO: Connecting to configured address/port: localhost:9003.
[505] [Step Debug] WARN: Creating socket for 'localhost:9003', poll success, but error: Operation now in progress (29).
[505] [Step Debug] WARN: Creating socket for 'localhost:9003', poll success, but error: Operation now in progress (29).
[505] [Step Debug] ERR: Could not connect to debugging client. Tried: localhost:9003 (through xdebug.client_host/xdebug.client_port).
[505] [Step Debug] INFO: Connecting to configured address/port: localhost:9003.
[505] [Step Debug] WARN: Creating socket for 'localhost:9003', poll success, but error: Operation now in progress (29).
[505] [Step Debug] WARN: Creating socket for 'localhost:9003', poll success, but error: Operation now in progress (29).
[505] [Step Debug] ERR: Could not connect to debugging client. Tried: localhost:9003 (through xdebug.client_host/xdebug.client_port).
[505] Log closed at 2025-07-07 11:58:37.262831

[486] Log closed at 2025-07-07 11:58:37.290273

[512] Log opened at 2025-07-07 11:59:12.597702
[512] [Config] INFO: Control socket set up successfully: '@xdebug-ctrl.512'
[512] [Step Debug] INFO: Connecting to configured address/port: localhost:9003.
[512] [Step Debug] WARN: Creating socket for 'localhost:9003', poll success, but error: Operation now in progress (29).
[512] [Step Debug] WARN: Creating socket for 'localhost:9003', poll success, but error: Operation now in progress (29).
[512] [Step Debug] ERR: Could not connect to debugging client. Tried: localhost:9003 (through xdebug.client_host/xdebug.client_port).
[512] Log closed at 2025-07-07 11:59:17.125936

[534] Log opened at 2025-07-07 11:59:41.748093
[534] [Config] INFO: Control socket set up successfully: '@xdebug-ctrl.534'
[534] [Step Debug] INFO: Connecting to configured address/port: localhost:9003.
[534] [Step Debug] WARN: Creating socket for 'localhost:9003', poll success, but error: Operation now in progress (29).
[534] [Step Debug] WARN: Creating socket for 'localhost:9003', poll success, but error: Operation now in progress (29).
[534] [Step Debug] ERR: Could not connect to debugging client. Tried: localhost:9003 (through xdebug.client_host/xdebug.client_port).
[534] Log closed at 2025-07-07 11:59:46.860440

[556] Log opened at 2025-07-07 12:01:10.231007
[556] [Config] INFO: Control socket set up successfully: '@xdebug-ctrl.556'
[556] [Step Debug] INFO: Connecting to configured address/port: localhost:9003.
[556] [Step Debug] WARN: Creating socket for 'localhost:9003', poll success, but error: Operation now in progress (29).
[556] [Step Debug] WARN: Creating socket for 'localhost:9003', poll success, but error: Operation now in progress (29).
[556] [Step Debug] ERR: Could not connect to debugging client. Tried: localhost:9003 (through xdebug.client_host/xdebug.client_port).
[575] Log opened at 2025-07-07 12:01:37.757365
[575] [Config] INFO: Control socket set up successfully: '@xdebug-ctrl.575'
[575] [Step Debug] INFO: Connecting to configured address/port: localhost:9003.
[575] [Step Debug] WARN: Creating socket for 'localhost:9003', poll success, but error: Operation now in progress (29).
[575] [Step Debug] WARN: Creating socket for 'localhost:9003', poll success, but error: Operation now in progress (29).
[575] [Step Debug] ERR: Could not connect to debugging client. Tried: localhost:9003 (through xdebug.client_host/xdebug.client_port).
[575] [Step Debug] INFO: Connecting to configured address/port: localhost:9003.
[575] [Step Debug] WARN: Creating socket for 'localhost:9003', poll success, but error: Operation now in progress (29).
[575] [Step Debug] WARN: Creating socket for 'localhost:9003', poll success, but error: Operation now in progress (29).
[575] [Step Debug] ERR: Could not connect to debugging client. Tried: localhost:9003 (through xdebug.client_host/xdebug.client_port).
[575] Log closed at 2025-07-07 12:02:15.056569

[556] Log closed at 2025-07-07 12:02:15.094750

[582] Log opened at 2025-07-07 12:04:01.192825
[582] [Config] INFO: Control socket set up successfully: '@xdebug-ctrl.582'
[582] [Step Debug] INFO: Connecting to configured address/port: localhost:9003.
[582] [Step Debug] WARN: Creating socket for 'localhost:9003', poll success, but error: Operation now in progress (29).
[582] [Step Debug] WARN: Creating socket for 'localhost:9003', poll success, but error: Operation now in progress (29).
[582] [Step Debug] ERR: Could not connect to debugging client. Tried: localhost:9003 (through xdebug.client_host/xdebug.client_port).
[608] Log opened at 2025-07-07 12:04:28.395369
[608] [Config] INFO: Control socket set up successfully: '@xdebug-ctrl.608'
[608] [Step Debug] INFO: Connecting to configured address/port: localhost:9003.
[608] [Step Debug] WARN: Creating socket for 'localhost:9003', poll success, but error: Operation now in progress (29).
[608] [Step Debug] WARN: Creating socket for 'localhost:9003', poll success, but error: Operation now in progress (29).
[608] [Step Debug] ERR: Could not connect to debugging client. Tried: localhost:9003 (through xdebug.client_host/xdebug.client_port).
[608] [Step Debug] INFO: Connecting to configured address/port: localhost:9003.
[608] [Step Debug] WARN: Creating socket for 'localhost:9003', poll success, but error: Operation now in progress (29).
[608] [Step Debug] WARN: Creating socket for 'localhost:9003', poll success, but error: Operation now in progress (29).
[608] [Step Debug] ERR: Could not connect to debugging client. Tried: localhost:9003 (through xdebug.client_host/xdebug.client_port).
[608] Log closed at 2025-07-07 12:05:06.574597

[582] Log closed at 2025-07-07 12:05:06.611853

[615] Log opened at 2025-07-07 12:06:58.905801
[615] [Config] INFO: Control socket set up successfully: '@xdebug-ctrl.615'
[615] [Step Debug] INFO: Connecting to configured address/port: localhost:9003.
[615] [Step Debug] WARN: Creating socket for 'localhost:9003', poll success, but error: Operation now in progress (29).
[615] [Step Debug] WARN: Creating socket for 'localhost:9003', poll success, but error: Operation now in progress (29).
[615] [Step Debug] ERR: Could not connect to debugging client. Tried: localhost:9003 (through xdebug.client_host/xdebug.client_port).
[615] Log closed at 2025-07-07 12:09:47.160272

[902] Log opened at 2025-07-07 12:19:26.113343
[902] [Config] INFO: Control socket set up successfully: '@xdebug-ctrl.902'
[902] [Step Debug] INFO: Connecting to configured address/port: localhost:9003.
[902] [Step Debug] WARN: Creating socket for 'localhost:9003', poll success, but error: Operation now in progress (29).
[902] [Step Debug] WARN: Creating socket for 'localhost:9003', poll success, but error: Operation now in progress (29).
[902] [Step Debug] ERR: Could not connect to debugging client. Tried: localhost:9003 (through xdebug.client_host/xdebug.client_port).
[902] Log closed at 2025-07-07 12:19:58.025425

[920] Log opened at 2025-07-07 12:20:32.764779
[920] [Config] INFO: Control socket set up successfully: '@xdebug-ctrl.920'
[920] [Step Debug] INFO: Connecting to configured address/port: localhost:9003.
[920] [Step Debug] WARN: Creating socket for 'localhost:9003', poll success, but error: Operation now in progress (29).
[920] [Step Debug] WARN: Creating socket for 'localhost:9003', poll success, but error: Operation now in progress (29).
[920] [Step Debug] ERR: Could not connect to debugging client. Tried: localhost:9003 (through xdebug.client_host/xdebug.client_port).
[962] Log opened at 2025-07-07 12:21:20.838732
[962] [Config] INFO: Control socket set up successfully: '@xdebug-ctrl.962'
[962] [Step Debug] INFO: Connecting to configured address/port: localhost:9003.
[962] [Step Debug] WARN: Creating socket for 'localhost:9003', poll success, but error: Operation now in progress (29).
[962] [Step Debug] WARN: Creating socket for 'localhost:9003', poll success, but error: Operation now in progress (29).
[962] [Step Debug] ERR: Could not connect to debugging client. Tried: localhost:9003 (through xdebug.client_host/xdebug.client_port).
[962] Log closed at 2025-07-07 12:21:21.829723

[920] Log closed at 2025-07-07 12:21:21.875885

[965] Log opened at 2025-07-07 12:22:58.875435
[965] [Config] INFO: Control socket set up successfully: '@xdebug-ctrl.965'
[965] [Step Debug] INFO: Connecting to configured address/port: localhost:9003.
[965] [Step Debug] WARN: Creating socket for 'localhost:9003', poll success, but error: Operation now in progress (29).
[965] [Step Debug] WARN: Creating socket for 'localhost:9003', poll success, but error: Operation now in progress (29).
[965] [Step Debug] ERR: Could not connect to debugging client. Tried: localhost:9003 (through xdebug.client_host/xdebug.client_port).
[965] Log closed at 2025-07-07 12:23:22.986080

[993] Log opened at 2025-07-07 12:25:15.195676
[993] [Config] INFO: Control socket set up successfully: '@xdebug-ctrl.993'
[993] [Step Debug] INFO: Connecting to configured address/port: localhost:9003.
[993] [Step Debug] WARN: Creating socket for 'localhost:9003', poll success, but error: Operation now in progress (29).
[993] [Step Debug] WARN: Creating socket for 'localhost:9003', poll success, but error: Operation now in progress (29).
[993] [Step Debug] ERR: Could not connect to debugging client. Tried: localhost:9003 (through xdebug.client_host/xdebug.client_port).
[1021] Log opened at 2025-07-07 12:25:45.751399
[1021] [Config] INFO: Control socket set up successfully: '@xdebug-ctrl.1021'
[1021] [Step Debug] INFO: Connecting to configured address/port: localhost:9003.
[1021] [Step Debug] WARN: Creating socket for 'localhost:9003', poll success, but error: Operation now in progress (29).
[1021] [Step Debug] WARN: Creating socket for 'localhost:9003', poll success, but error: Operation now in progress (29).
[1021] [Step Debug] ERR: Could not connect to debugging client. Tried: localhost:9003 (through xdebug.client_host/xdebug.client_port).
[1021] Log closed at 2025-07-07 12:26:06.920666

[1049] Log opened at 2025-07-07 12:26:37.204172
[1049] [Config] INFO: Control socket set up successfully: '@xdebug-ctrl.1049'
[1049] [Step Debug] INFO: Connecting to configured address/port: localhost:9003.
[1049] [Step Debug] WARN: Creating socket for 'localhost:9003', poll success, but error: Operation now in progress (29).
[1049] [Step Debug] WARN: Creating socket for 'localhost:9003', poll success, but error: Operation now in progress (29).
[1049] [Step Debug] ERR: Could not connect to debugging client. Tried: localhost:9003 (through xdebug.client_host/xdebug.client_port).
[1049] Log closed at 2025-07-07 12:27:18.703640

[1146] Log opened at 2025-07-07 12:27:42.908151
[1146] [Config] INFO: Control socket set up successfully: '@xdebug-ctrl.1146'
[1146] [Step Debug] INFO: Connecting to configured address/port: localhost:9003.
[1146] [Step Debug] WARN: Creating socket for 'localhost:9003', poll success, but error: Operation now in progress (29).
[1146] [Step Debug] WARN: Creating socket for 'localhost:9003', poll success, but error: Operation now in progress (29).
[1146] [Step Debug] ERR: Could not connect to debugging client. Tried: localhost:9003 (through xdebug.client_host/xdebug.client_port).
[1146] Log closed at 2025-07-07 12:28:46.515562

[1155] Log opened at 2025-07-07 12:32:13.494493
[1155] [Config] INFO: Control socket set up successfully: '@xdebug-ctrl.1155'
[1155] [Step Debug] INFO: Connecting to configured address/port: localhost:9003.
[1155] [Step Debug] WARN: Creating socket for 'localhost:9003', poll success, but error: Operation now in progress (29).
[1155] [Step Debug] WARN: Creating socket for 'localhost:9003', poll success, but error: Operation now in progress (29).
[1155] [Step Debug] ERR: Could not connect to debugging client. Tried: localhost:9003 (through xdebug.client_host/xdebug.client_port).
[1155] Log closed at 2025-07-07 12:32:16.754403

[2687] Log opened at 2025-07-08 08:32:02.153291
[2687] [Config] INFO: Control socket set up successfully: '@xdebug-ctrl.2687'
[2687] [Step Debug] INFO: Connecting to configured address/port: localhost:9003.
[2687] [Step Debug] WARN: Creating socket for 'localhost:9003', poll success, but error: Operation now in progress (29).
[2687] [Step Debug] WARN: Creating socket for 'localhost:9003', poll success, but error: Operation now in progress (29).
[2687] [Step Debug] ERR: Could not connect to debugging client. Tried: localhost:9003 (through xdebug.client_host/xdebug.client_port).
[2687] Log closed at 2025-07-08 08:32:07.757009

[7632] Log opened at 2025-07-08 08:59:21.894075
[7632] [Config] INFO: Control socket set up successfully: '@xdebug-ctrl.7632'
[7632] [Step Debug] INFO: Connecting to configured address/port: localhost:9003.
[7632] [Step Debug] WARN: Creating socket for 'localhost:9003', poll success, but error: Operation now in progress (29).
[7632] [Step Debug] WARN: Creating socket for 'localhost:9003', poll success, but error: Operation now in progress (29).
[7632] [Step Debug] ERR: Could not connect to debugging client. Tried: localhost:9003 (through xdebug.client_host/xdebug.client_port).
[7632] Log closed at 2025-07-08 08:59:30.061195

[7820] Log opened at 2025-07-08 08:59:56.592568
[7820] [Config] INFO: Control socket set up successfully: '@xdebug-ctrl.7820'
[7820] [Step Debug] INFO: Connecting to configured address/port: localhost:9003.
[7820] [Step Debug] WARN: Creating socket for 'localhost:9003', poll success, but error: Operation now in progress (29).
[7820] [Step Debug] WARN: Creating socket for 'localhost:9003', poll success, but error: Operation now in progress (29).
[7820] [Step Debug] ERR: Could not connect to debugging client. Tried: localhost:9003 (through xdebug.client_host/xdebug.client_port).
[7820] Log closed at 2025-07-08 09:00:07.200446

[8035] Log opened at 2025-07-08 09:00:30.786827
[8035] [Config] INFO: Control socket set up successfully: '@xdebug-ctrl.8035'
[8035] [Step Debug] INFO: Connecting to configured address/port: localhost:9003.
[8035] [Step Debug] WARN: Creating socket for 'localhost:9003', poll success, but error: Operation now in progress (29).
[8035] [Step Debug] WARN: Creating socket for 'localhost:9003', poll success, but error: Operation now in progress (29).
[8035] [Step Debug] ERR: Could not connect to debugging client. Tried: localhost:9003 (through xdebug.client_host/xdebug.client_port).
[8035] Log closed at 2025-07-08 09:09:39.361851

[9836] Log opened at 2025-07-08 09:09:50.520051
[9836] [Config] INFO: Control socket set up successfully: '@xdebug-ctrl.9836'
[9836] [Step Debug] INFO: Connecting to configured address/port: localhost:9003.
[9836] [Step Debug] WARN: Creating socket for 'localhost:9003', poll success, but error: Operation now in progress (29).
[9836] [Step Debug] WARN: Creating socket for 'localhost:9003', poll success, but error: Operation now in progress (29).
[9836] [Step Debug] ERR: Could not connect to debugging client. Tried: localhost:9003 (through xdebug.client_host/xdebug.client_port).
[9836] Log closed at 2025-07-08 09:09:52.946039

